[debug] [2022-07-31T18:39:23.311Z] ----------------------------------------------------------------------
[debug] [2022-07-31T18:39:23.313Z] Command:       C:\Program Files\nodejs\node.exe C:\Users\Gamme\AppData\Roaming\npm\node_modules\firebase-tools\lib\bin\firebase.js init
[debug] [2022-07-31T18:39:23.313Z] CLI Version:   11.4.0
[debug] [2022-07-31T18:39:23.314Z] Platform:      win32
[debug] [2022-07-31T18:39:23.314Z] Node Version:  v18.7.0
[debug] [2022-07-31T18:39:23.314Z] Time:          Sun Jul 31 2022 13:39:23 GMT-0500 (Central Daylight Time)
[debug] [2022-07-31T18:39:23.315Z] ----------------------------------------------------------------------
[debug] 
[debug] [2022-07-31T18:39:23.318Z] >>> [apiv2][query] GET https://firebase-public.firebaseio.com/cli.json [none]
[debug] [2022-07-31T18:39:23.360Z] > command requires scopes: ["email","openid","https://www.googleapis.com/auth/cloudplatformprojects.readonly","https://www.googleapis.com/auth/firebase","https://www.googleapis.com/auth/cloud-platform"]
[debug] [2022-07-31T18:39:23.360Z] > authorizing via signed-in user (gammell53@gmail.com)
[info] 
     ######## #### ########  ######## ########     ###     ######  ########
     ##        ##  ##     ## ##       ##     ##  ##   ##  ##       ##
     ######    ##  ########  ######   ########  #########  ######  ######
     ##        ##  ##    ##  ##       ##     ## ##     ##       ## ##
     ##       #### ##     ## ######## ########  ##     ##  ######  ########

You're about to initialize a Firebase project in this directory:

  C:\Users\Gamme\OneDrive\Desktop\Apps\blog_application

[debug] [2022-07-31T18:39:23.440Z] <<< [apiv2][status] GET https://firebase-public.firebaseio.com/cli.json 200
[debug] [2022-07-31T18:39:23.440Z] <<< [apiv2][body] GET https://firebase-public.firebaseio.com/cli.json {"cloudBuildErrorAfter":1594252800000,"cloudBuildWarnAfter":1590019200000,"defaultNode10After":1594252800000,"minVersion":"3.0.5","node8DeploysDisabledAfter":1613390400000,"node8RuntimeDisabledAfter":1615809600000,"node8WarnAfter":1600128000000}
